<?xml version='1.0' encoding='UTF-8'?>
<testsuite hostname="LAPTOP-KTB7LDCE" name="CyberMiniScanTests" tests="3" errors="0" failures="0" skipped="0" time="0.016" timestamp="2025-05-17T12:58:29">
          <properties>
[...]
</properties>
          <testcase classname="CyberMiniScanTests" name="Detects weak passwords" time="0.014">
                      
                    </testcase><testcase classname="CyberMiniScanTests" name="Detects dangerous URLs" time="0.001">
                      
                    </testcase><testcase classname="CyberMiniScanTests" name="Detects suspicious extensions" time="0.001">
                      
                    </testcase>
          <system-out><![CDATA[]]></system-out>
          <system-err><![CDATA[]]></system-err>
        </testsuite>